{
  "stats": {
    "suites": 1,
    "tests": 1,
    "passes": 0,
    "pending": 0,
    "failures": 1,
    "start": "2024-07-18T15:16:16.162Z",
    "end": "2024-07-18T15:16:16.592Z",
    "duration": 430,
    "testsRegistered": 1,
    "passPercent": 0,
    "pendingPercent": 0,
    "other": 0,
    "hasOther": false,
    "skipped": 0,
    "hasSkipped": false
  },
  "results": [
    {
      "uuid": "8133c3ff-5579-491f-bdc2-e6d9ea0df710",
      "title": "",
      "fullFile": "cypress/e2e/Homework_19.1/addCar.cy.js",
      "file": "cypress/e2e/Homework_19.1/addCar.cy.js",
      "beforeHooks": [],
      "afterHooks": [],
      "tests": [],
      "suites": [
        {
          "uuid": "9ba9b235-c189-407c-84a4-26d0654bb25b",
          "title": "Add Car",
          "fullFile": "",
          "file": "",
          "beforeHooks": [],
          "afterHooks": [],
          "tests": [
            {
              "title": "should add a car",
              "fullTitle": "Add Car should add a car",
              "timedOut": null,
              "duration": 366,
              "state": "failed",
              "speed": null,
              "pass": false,
              "fail": true,
              "pending": false,
              "context": null,
              "code": "const car = {\n  make: 'Toyota',\n  model: 'Corolla',\n  plateNumber: 'ABC123'\n};\n_garagePage.garagePage.visit();\n_garagePage.garagePage.addCar(car);\n_garagePage.garagePage.verifyCarIsAdded(car);",
              "err": {
                "message": "CypressError: `cy.visit()` failed trying to load:\n\nhttps://qauto2.forstudy.space/\n\nThe response we received from your web server was:\n\n  > 401: Unauthorized\n\nThis was considered a failure because the status code was not `2xx`.\n\nIf you do not want status codes to cause failures pass the option: `failOnStatusCode: false`\n\nBecause this error occurred during a `before each` hook we are skipping the remaining tests in the current suite: `Add Car`",
                "estack": "CypressError: `cy.visit()` failed trying to load:\n\nhttps://qauto2.forstudy.space/\n\nThe response we received from your web server was:\n\n  > 401: Unauthorized\n\nThis was considered a failure because the status code was not `2xx`.\n\nIf you do not want status codes to cause failures pass the option: `failOnStatusCode: false`\n\nBecause this error occurred during a `before each` hook we are skipping the remaining tests in the current suite: `Add Car`\n    at <unknown> (https://qauto2.forstudy.space/__cypress/runner/cypress_runner.js:131491:76)\n    at visitFailedByErr (https://qauto2.forstudy.space/__cypress/runner/cypress_runner.js:130906:12)\n    at <unknown> (https://qauto2.forstudy.space/__cypress/runner/cypress_runner.js:131474:13)\n    at tryCatcher (https://qauto2.forstudy.space/__cypress/runner/cypress_runner.js:1807:23)\n    at Promise._settlePromiseFromHandler (https://qauto2.forstudy.space/__cypress/runner/cypress_runner.js:1519:31)\n    at Promise._settlePromise (https://qauto2.forstudy.space/__cypress/runner/cypress_runner.js:1576:18)\n    at Promise._settlePromise0 (https://qauto2.forstudy.space/__cypress/runner/cypress_runner.js:1621:10)\n    at Promise._settlePromises (https://qauto2.forstudy.space/__cypress/runner/cypress_runner.js:1697:18)\n    at _drainQueueStep (https://qauto2.forstudy.space/__cypress/runner/cypress_runner.js:2407:12)\n    at _drainQueue (https://qauto2.forstudy.space/__cypress/runner/cypress_runner.js:2400:9)\n    at Async._drainQueues (https://qauto2.forstudy.space/__cypress/runner/cypress_runner.js:2416:5)\n    at Async.drainQueues (https://qauto2.forstudy.space/__cypress/runner/cypress_runner.js:2286:14)\nFrom Your Spec Code:\n    at Context.eval (webpack://cypress_hillel/./cypress/e2e/Homework_19.1/addCar.cy.js:5:7)",
                "diff": null
              },
              "uuid": "8bfea02a-8a38-4e4c-8d98-524755b277d5",
              "parentUUID": "9ba9b235-c189-407c-84a4-26d0654bb25b",
              "isHook": false,
              "skipped": false
            }
          ],
          "suites": [],
          "passes": [],
          "failures": [
            "8bfea02a-8a38-4e4c-8d98-524755b277d5"
          ],
          "pending": [],
          "skipped": [],
          "duration": 366,
          "root": false,
          "rootEmpty": false,
          "_timeout": 2000
        }
      ],
      "passes": [],
      "failures": [],
      "pending": [],
      "skipped": [],
      "duration": 0,
      "root": true,
      "rootEmpty": true,
      "_timeout": 2000
    }
  ],
  "meta": {
    "mocha": {
      "version": "7.0.1"
    },
    "mochawesome": {
      "options": {
        "quiet": false,
        "reportFilename": "mochawesome",
        "saveHtml": true,
        "saveJson": true,
        "consoleReporter": "spec",
        "useInlineDiffs": false,
        "code": true
      },
      "version": "7.1.3"
    },
    "marge": {
      "options": {
        "reportDir": "cypress/reports",
        "overwrite": false,
        "html": true,
        "json": true
      },
      "version": "6.2.0"
    }
  }
}