{
  "stats": {
    "suites": 1,
    "tests": 3,
    "passes": 3,
    "pending": 0,
    "failures": 0,
    "start": "2024-07-18T15:16:07.293Z",
    "end": "2024-07-18T15:16:09.115Z",
    "duration": 1822,
    "testsRegistered": 3,
    "passPercent": 100,
    "pendingPercent": 0,
    "other": 0,
    "hasOther": false,
    "skipped": 0,
    "hasSkipped": false
  },
  "results": [
    {
      "uuid": "2a85b4d4-aa45-451c-87db-d03c1515ba9c",
      "title": "",
      "fullFile": "cypress/e2e/2-advanced-examples/window.cy.js",
      "file": "cypress/e2e/2-advanced-examples/window.cy.js",
      "beforeHooks": [],
      "afterHooks": [],
      "tests": [],
      "suites": [
        {
          "uuid": "026bbcd1-73de-45ee-a284-d69e32fa9bbe",
          "title": "Window",
          "fullFile": "",
          "file": "",
          "beforeHooks": [],
          "afterHooks": [],
          "tests": [
            {
              "title": "cy.window() - get the global window object",
              "fullTitle": "Window cy.window() - get the global window object",
              "timedOut": null,
              "duration": 266,
              "state": "passed",
              "speed": "fast",
              "pass": true,
              "fail": false,
              "pending": false,
              "context": null,
              "code": "// https://on.cypress.io/window\ncy.window().should('have.property', 'top');",
              "err": {},
              "uuid": "5721592d-3ed1-4266-9162-5432393636d1",
              "parentUUID": "026bbcd1-73de-45ee-a284-d69e32fa9bbe",
              "isHook": false,
              "skipped": false
            },
            {
              "title": "cy.document() - get the document object",
              "fullTitle": "Window cy.document() - get the document object",
              "timedOut": null,
              "duration": 114,
              "state": "passed",
              "speed": "fast",
              "pass": true,
              "fail": false,
              "pending": false,
              "context": null,
              "code": "// https://on.cypress.io/document\ncy.document().should('have.property', 'charset').and('eq', 'UTF-8');",
              "err": {},
              "uuid": "f13f86d6-2b19-4d00-953a-64711a90a753",
              "parentUUID": "026bbcd1-73de-45ee-a284-d69e32fa9bbe",
              "isHook": false,
              "skipped": false
            },
            {
              "title": "cy.title() - get the title",
              "fullTitle": "Window cy.title() - get the title",
              "timedOut": null,
              "duration": 113,
              "state": "passed",
              "speed": "fast",
              "pass": true,
              "fail": false,
              "pending": false,
              "context": null,
              "code": "// https://on.cypress.io/title\ncy.title().should('include', 'Kitchen Sink');",
              "err": {},
              "uuid": "275a9b37-f610-4cca-84be-f86e185dc28f",
              "parentUUID": "026bbcd1-73de-45ee-a284-d69e32fa9bbe",
              "isHook": false,
              "skipped": false
            }
          ],
          "suites": [],
          "passes": [
            "5721592d-3ed1-4266-9162-5432393636d1",
            "f13f86d6-2b19-4d00-953a-64711a90a753",
            "275a9b37-f610-4cca-84be-f86e185dc28f"
          ],
          "failures": [],
          "pending": [],
          "skipped": [],
          "duration": 493,
          "root": false,
          "rootEmpty": false,
          "_timeout": 2000
        }
      ],
      "passes": [],
      "failures": [],
      "pending": [],
      "skipped": [],
      "duration": 0,
      "root": true,
      "rootEmpty": true,
      "_timeout": 2000
    }
  ],
  "meta": {
    "mocha": {
      "version": "7.0.1"
    },
    "mochawesome": {
      "options": {
        "quiet": false,
        "reportFilename": "mochawesome",
        "saveHtml": true,
        "saveJson": true,
        "consoleReporter": "spec",
        "useInlineDiffs": false,
        "code": true
      },
      "version": "7.1.3"
    },
    "marge": {
      "options": {
        "reportDir": "cypress/reports",
        "overwrite": false,
        "html": true,
        "json": true
      },
      "version": "6.2.0"
    }
  }
}