{
  "stats": {
    "suites": 1,
    "tests": 1,
    "passes": 1,
    "pending": 0,
    "failures": 0,
    "start": "2024-07-20T11:01:55.516Z",
    "end": "2024-07-20T11:02:00.184Z",
    "duration": 4668,
    "testsRegistered": 1,
    "passPercent": 100,
    "pendingPercent": 0,
    "other": 0,
    "hasOther": false,
    "skipped": 0,
    "hasSkipped": false
  },
  "results": [
    {
      "uuid": "63951690-e5b2-4695-bc03-6b74cb77571e",
      "title": "",
      "fullFile": "cypress/e2e/Homework_19.1/addCar.cy.js",
      "file": "cypress/e2e/Homework_19.1/addCar.cy.js",
      "beforeHooks": [],
      "afterHooks": [],
      "tests": [],
      "suites": [
        {
          "uuid": "d2ca5178-d38e-4364-bd7f-c18e8c0d0f79",
          "title": "Add Car",
          "fullFile": "",
          "file": "",
          "beforeHooks": [],
          "afterHooks": [],
          "tests": [
            {
              "title": "should add a car",
              "fullTitle": "Add Car should add a car",
              "timedOut": null,
              "duration": 4626,
              "state": "passed",
              "speed": "fast",
              "pass": true,
              "fail": false,
              "pending": false,
              "context": null,
              "code": "const carDetails = {\n  brand: 'Porsche',\n  model: 'Panamera',\n  mileage: '7'\n};\n_garagePage.garagePage.addCar(carDetails);\n_garagePage.garagePage.verifyCarIsAdded(`${carDetails.brand} ${carDetails.model}`);",
              "err": {},
              "uuid": "9a393fa6-a271-4189-ac29-2be423b4f4cb",
              "parentUUID": "d2ca5178-d38e-4364-bd7f-c18e8c0d0f79",
              "isHook": false,
              "skipped": false
            }
          ],
          "suites": [],
          "passes": [
            "9a393fa6-a271-4189-ac29-2be423b4f4cb"
          ],
          "failures": [],
          "pending": [],
          "skipped": [],
          "duration": 4626,
          "root": false,
          "rootEmpty": false,
          "_timeout": 2000
        }
      ],
      "passes": [],
      "failures": [],
      "pending": [],
      "skipped": [],
      "duration": 0,
      "root": true,
      "rootEmpty": true,
      "_timeout": 2000
    }
  ],
  "meta": {
    "mocha": {
      "version": "7.0.1"
    },
    "mochawesome": {
      "options": {
        "quiet": false,
        "reportFilename": "mochawesome",
        "saveHtml": true,
        "saveJson": true,
        "consoleReporter": "spec",
        "useInlineDiffs": false,
        "code": true
      },
      "version": "7.1.3"
    },
    "marge": {
      "options": {
        "reportDir": "cypress/reports",
        "overwrite": false,
        "html": true,
        "json": true
      },
      "version": "6.2.0"
    }
  }
}