{
  "stats": {
    "suites": 1,
    "tests": 1,
    "passes": 0,
    "pending": 0,
    "failures": 1,
    "start": "2024-07-19T21:42:17.249Z",
    "end": "2024-07-19T21:42:23.859Z",
    "duration": 6610,
    "testsRegistered": 1,
    "passPercent": 0,
    "pendingPercent": 0,
    "other": 0,
    "hasOther": false,
    "skipped": 0,
    "hasSkipped": false
  },
  "results": [
    {
      "uuid": "98dab990-4a31-458d-ba7a-d3ddb0946e13",
      "title": "",
      "fullFile": "cypress/e2e/Homework_19.1/addExpense.cy.js",
      "file": "cypress/e2e/Homework_19.1/addExpense.cy.js",
      "beforeHooks": [],
      "afterHooks": [],
      "tests": [],
      "suites": [
        {
          "uuid": "ca4ce7f4-c3fa-4f7d-b4b1-764758ebb5ab",
          "title": "Add Fuel Expense",
          "fullFile": "",
          "file": "",
          "beforeHooks": [],
          "afterHooks": [],
          "tests": [
            {
              "title": "should add a fuel expense",
              "fullTitle": "Add Fuel Expense should add a fuel expense",
              "timedOut": null,
              "duration": 6504,
              "state": "failed",
              "speed": null,
              "pass": false,
              "fail": true,
              "pending": false,
              "context": null,
              "code": "const expense = {\n  date: '2024-07-10',\n  mileage: '777',\n  liters: '40',\n  totalCost: '50'\n};\ncy.contains('button', 'Add fuel expense').click();\ncy.get('#addExpenseDate').type(expense.date);\ncy.get('#addExpenseMileage').type(expense.mileage);\ncy.get('#addExpenseLiters').type(expense.liters);\ncy.get('#addExpenseTotalCost').type(expense.totalCost);\ncy.contains('button', 'Add').click();",
              "err": {
                "message": "AssertionError: Timed out retrying after 4000ms: expected 'https://qauto.forstudy.space/' to include '/panel/expenses'\n\nBecause this error occurred during a `before each` hook we are skipping the remaining tests in the current suite: `Add Fuel Expense`",
                "estack": "AssertionError: Timed out retrying after 4000ms: expected 'https://qauto.forstudy.space/' to include '/panel/expenses'\n\nBecause this error occurred during a `before each` hook we are skipping the remaining tests in the current suite: `Add Fuel Expense`\n    at Context.eval (webpack://cypress_hillel/./cypress/e2e/Homework_19.1/addExpense.cy.js:10:13)",
                "diff": null
              },
              "uuid": "5ce8cb26-0779-4c60-ad75-a0ca20a5fa69",
              "parentUUID": "ca4ce7f4-c3fa-4f7d-b4b1-764758ebb5ab",
              "isHook": false,
              "skipped": false
            }
          ],
          "suites": [],
          "passes": [],
          "failures": [
            "5ce8cb26-0779-4c60-ad75-a0ca20a5fa69"
          ],
          "pending": [],
          "skipped": [],
          "duration": 6504,
          "root": false,
          "rootEmpty": false,
          "_timeout": 2000
        }
      ],
      "passes": [],
      "failures": [],
      "pending": [],
      "skipped": [],
      "duration": 0,
      "root": true,
      "rootEmpty": true,
      "_timeout": 2000
    }
  ],
  "meta": {
    "mocha": {
      "version": "7.0.1"
    },
    "mochawesome": {
      "options": {
        "quiet": false,
        "reportFilename": "mochawesome",
        "saveHtml": true,
        "saveJson": true,
        "consoleReporter": "spec",
        "useInlineDiffs": false,
        "code": true
      },
      "version": "7.1.3"
    },
    "marge": {
      "options": {
        "reportDir": "cypress/reports",
        "overwrite": false,
        "html": true,
        "json": true
      },
      "version": "6.2.0"
    }
  }
}