{
  "stats": {
    "suites": 1,
    "tests": 1,
    "passes": 0,
    "pending": 0,
    "failures": 1,
    "start": "2024-07-18T16:07:53.341Z",
    "end": "2024-07-18T16:07:53.724Z",
    "duration": 383,
    "testsRegistered": 1,
    "passPercent": 0,
    "pendingPercent": 0,
    "other": 0,
    "hasOther": false,
    "skipped": 0,
    "hasSkipped": false
  },
  "results": [
    {
      "uuid": "7c64c822-1edc-479a-b7d8-20374f6e0b2f",
      "title": "",
      "fullFile": "cypress/e2e/Homework_19.1/addExpense.cy.js",
      "file": "cypress/e2e/Homework_19.1/addExpense.cy.js",
      "beforeHooks": [],
      "afterHooks": [],
      "tests": [],
      "suites": [
        {
          "uuid": "2c5136e2-134b-4edf-bd45-91e03c9e95f4",
          "title": "Add Fuel Expense",
          "fullFile": "",
          "file": "",
          "beforeHooks": [],
          "afterHooks": [],
          "tests": [
            {
              "title": "should add a fuel expense",
              "fullTitle": "Add Fuel Expense should add a fuel expense",
              "timedOut": null,
              "duration": 329,
              "state": "failed",
              "speed": null,
              "pass": false,
              "fail": true,
              "pending": false,
              "context": null,
              "code": "const expense = {\n  date: '2024-07-10',\n  cost: '50',\n  volume: '40'\n};\n_expensesPage.expensesPage.visit();\n_expensesPage.expensesPage.addFuelExpense(expense);\n_expensesPage.expensesPage.verifyExpenseIsAdded(expense);",
              "err": {
                "message": "CypressError: `cy.visit()` failed trying to load:\n\nhttps://qauto2.forstudy.space/\n\nThe response we received from your web server was:\n\n  > 401: Unauthorized\n\nThis was considered a failure because the status code was not `2xx`.\n\nIf you do not want status codes to cause failures pass the option: `failOnStatusCode: false`\n\nBecause this error occurred during a `before each` hook we are skipping the remaining tests in the current suite: `Add Fuel Expense`",
                "estack": "CypressError: `cy.visit()` failed trying to load:\n\nhttps://qauto2.forstudy.space/\n\nThe response we received from your web server was:\n\n  > 401: Unauthorized\n\nThis was considered a failure because the status code was not `2xx`.\n\nIf you do not want status codes to cause failures pass the option: `failOnStatusCode: false`\n\nBecause this error occurred during a `before each` hook we are skipping the remaining tests in the current suite: `Add Fuel Expense`\n    at <unknown> (https://qauto2.forstudy.space/__cypress/runner/cypress_runner.js:131491:76)\n    at visitFailedByErr (https://qauto2.forstudy.space/__cypress/runner/cypress_runner.js:130906:12)\n    at <unknown> (https://qauto2.forstudy.space/__cypress/runner/cypress_runner.js:131474:13)\n    at tryCatcher (https://qauto2.forstudy.space/__cypress/runner/cypress_runner.js:1807:23)\n    at Promise._settlePromiseFromHandler (https://qauto2.forstudy.space/__cypress/runner/cypress_runner.js:1519:31)\n    at Promise._settlePromise (https://qauto2.forstudy.space/__cypress/runner/cypress_runner.js:1576:18)\n    at Promise._settlePromise0 (https://qauto2.forstudy.space/__cypress/runner/cypress_runner.js:1621:10)\n    at Promise._settlePromises (https://qauto2.forstudy.space/__cypress/runner/cypress_runner.js:1697:18)\n    at _drainQueueStep (https://qauto2.forstudy.space/__cypress/runner/cypress_runner.js:2407:12)\n    at _drainQueue (https://qauto2.forstudy.space/__cypress/runner/cypress_runner.js:2400:9)\n    at Async._drainQueues (https://qauto2.forstudy.space/__cypress/runner/cypress_runner.js:2416:5)\n    at Async.drainQueues (https://qauto2.forstudy.space/__cypress/runner/cypress_runner.js:2286:14)\nFrom Your Spec Code:\n    at Context.eval (webpack://cypress_hillel/./cypress/e2e/Homework_19.1/addExpense.cy.js:5:7)",
                "diff": null
              },
              "uuid": "00bfdc87-6026-4e34-a545-e60c2d687115",
              "parentUUID": "2c5136e2-134b-4edf-bd45-91e03c9e95f4",
              "isHook": false,
              "skipped": false
            }
          ],
          "suites": [],
          "passes": [],
          "failures": [
            "00bfdc87-6026-4e34-a545-e60c2d687115"
          ],
          "pending": [],
          "skipped": [],
          "duration": 329,
          "root": false,
          "rootEmpty": false,
          "_timeout": 2000
        }
      ],
      "passes": [],
      "failures": [],
      "pending": [],
      "skipped": [],
      "duration": 0,
      "root": true,
      "rootEmpty": true,
      "_timeout": 2000
    }
  ],
  "meta": {
    "mocha": {
      "version": "7.0.1"
    },
    "mochawesome": {
      "options": {
        "quiet": false,
        "reportFilename": "mochawesome",
        "saveHtml": true,
        "saveJson": true,
        "consoleReporter": "spec",
        "useInlineDiffs": false,
        "code": true
      },
      "version": "7.1.3"
    },
    "marge": {
      "options": {
        "reportDir": "cypress/reports",
        "overwrite": false,
        "html": true,
        "json": true
      },
      "version": "6.2.0"
    }
  }
}