{
  "stats": {
    "suites": 1,
    "tests": 1,
    "passes": 1,
    "pending": 0,
    "failures": 0,
    "start": "2024-07-20T09:40:34.291Z",
    "end": "2024-07-20T09:40:38.490Z",
    "duration": 4199,
    "testsRegistered": 1,
    "passPercent": 100,
    "pendingPercent": 0,
    "other": 0,
    "hasOther": false,
    "skipped": 0,
    "hasSkipped": false
  },
  "results": [
    {
      "uuid": "64aef6a1-2b1d-4668-a0ab-759634aa6e89",
      "title": "",
      "fullFile": "cypress/e2e/Homework_19.1/addCar.cy.js",
      "file": "cypress/e2e/Homework_19.1/addCar.cy.js",
      "beforeHooks": [],
      "afterHooks": [],
      "tests": [],
      "suites": [
        {
          "uuid": "c7d94620-bb7b-4cc5-b3d8-ef8de008443e",
          "title": "Add Car",
          "fullFile": "",
          "file": "",
          "beforeHooks": [],
          "afterHooks": [],
          "tests": [
            {
              "title": "should add a car",
              "fullTitle": "Add Car should add a car",
              "timedOut": null,
              "duration": 4131,
              "state": "passed",
              "speed": "fast",
              "pass": true,
              "fail": false,
              "pending": false,
              "context": null,
              "code": "const carDetails = {\n  brand: 'Porsche',\n  model: 'Panamera',\n  mileage: '777'\n};\n_garagePage.garagePage.addCar(carDetails);",
              "err": {},
              "uuid": "7fad2f82-edb1-4a4a-ac52-b475b8f53ea1",
              "parentUUID": "c7d94620-bb7b-4cc5-b3d8-ef8de008443e",
              "isHook": false,
              "skipped": false
            }
          ],
          "suites": [],
          "passes": [
            "7fad2f82-edb1-4a4a-ac52-b475b8f53ea1"
          ],
          "failures": [],
          "pending": [],
          "skipped": [],
          "duration": 4131,
          "root": false,
          "rootEmpty": false,
          "_timeout": 2000
        }
      ],
      "passes": [],
      "failures": [],
      "pending": [],
      "skipped": [],
      "duration": 0,
      "root": true,
      "rootEmpty": true,
      "_timeout": 2000
    }
  ],
  "meta": {
    "mocha": {
      "version": "7.0.1"
    },
    "mochawesome": {
      "options": {
        "quiet": false,
        "reportFilename": "mochawesome",
        "saveHtml": true,
        "saveJson": true,
        "consoleReporter": "spec",
        "useInlineDiffs": false,
        "code": true
      },
      "version": "7.1.3"
    },
    "marge": {
      "options": {
        "reportDir": "cypress/reports",
        "overwrite": false,
        "html": true,
        "json": true
      },
      "version": "6.2.0"
    }
  }
}