{
  "stats": {
    "suites": 1,
    "tests": 1,
    "passes": 0,
    "pending": 0,
    "failures": 1,
    "start": "2024-07-18T14:44:14.195Z",
    "end": "2024-07-18T14:44:14.842Z",
    "duration": 647,
    "testsRegistered": 11,
    "passPercent": 0,
    "pendingPercent": 0,
    "other": 0,
    "hasOther": false,
    "skipped": 10,
    "hasSkipped": true
  },
  "results": [
    {
      "uuid": "92262fe5-b511-4019-bb96-7bdbfc936d5b",
      "title": "",
      "fullFile": "cypress/e2e/Homework_18.1/registration.cy.js",
      "file": "cypress/e2e/Homework_18.1/registration.cy.js",
      "beforeHooks": [],
      "afterHooks": [],
      "tests": [],
      "suites": [
        {
          "uuid": "4d8495f9-8a79-4edd-a8f0-33040dfc1a39",
          "title": "registration flow",
          "fullFile": "",
          "file": "",
          "beforeHooks": [],
          "afterHooks": [],
          "tests": [
            {
              "title": "registration process",
              "fullTitle": "registration flow registration process",
              "timedOut": null,
              "duration": 570,
              "state": "failed",
              "speed": null,
              "pass": false,
              "fail": true,
              "pending": false,
              "context": null,
              "code": "const nameLength = 10;\nconst nameMock = generateChars.getRandomName(nameLength);\nconst emailMock = generateChars.getRandomEmail(nameLength);\nconst passwordMock = generateChars.getRandomPassword(nameLength);\ncy.get(_registrationSelectors.registrationSelectors.name).type(nameMock);\ncy.get(_registrationSelectors.registrationSelectors.lastName).type(nameMock);\ncy.get(_registrationSelectors.registrationSelectors.email).type(emailMock);\ncy.get(_registrationSelectors.registrationSelectors.password).type(passwordMock, {\n  sensitive: true,\n  parseSpecialCharSequences: false\n});\ncy.get(_registrationSelectors.registrationSelectors.repeatPassword).type(passwordMock, {\n  sensitive: true,\n  parseSpecialCharSequences: false\n});\ncy.get(_registrationSelectors.registrationSelectors.submit).click();",
              "err": {
                "message": "CypressError: `cy.visit()` failed trying to load:\n\nhttps://qauto.forstudy.space/\n\nThe response we received from your web server was:\n\n  > 401: Unauthorized\n\nThis was considered a failure because the status code was not `2xx`.\n\nIf you do not want status codes to cause failures pass the option: `failOnStatusCode: false`\n\nBecause this error occurred during a `before each` hook we are skipping the remaining tests in the current suite: `registration flow`",
                "estack": "CypressError: `cy.visit()` failed trying to load:\n\nhttps://qauto.forstudy.space/\n\nThe response we received from your web server was:\n\n  > 401: Unauthorized\n\nThis was considered a failure because the status code was not `2xx`.\n\nIf you do not want status codes to cause failures pass the option: `failOnStatusCode: false`\n\nBecause this error occurred during a `before each` hook we are skipping the remaining tests in the current suite: `registration flow`\n    at <unknown> (https://qauto.forstudy.space/__cypress/runner/cypress_runner.js:131491:76)\n    at visitFailedByErr (https://qauto.forstudy.space/__cypress/runner/cypress_runner.js:130906:12)\n    at <unknown> (https://qauto.forstudy.space/__cypress/runner/cypress_runner.js:131474:13)\n    at tryCatcher (https://qauto.forstudy.space/__cypress/runner/cypress_runner.js:1807:23)\n    at Promise._settlePromiseFromHandler (https://qauto.forstudy.space/__cypress/runner/cypress_runner.js:1519:31)\n    at Promise._settlePromise (https://qauto.forstudy.space/__cypress/runner/cypress_runner.js:1576:18)\n    at Promise._settlePromise0 (https://qauto.forstudy.space/__cypress/runner/cypress_runner.js:1621:10)\n    at Promise._settlePromises (https://qauto.forstudy.space/__cypress/runner/cypress_runner.js:1697:18)\n    at _drainQueueStep (https://qauto.forstudy.space/__cypress/runner/cypress_runner.js:2407:12)\n    at _drainQueue (https://qauto.forstudy.space/__cypress/runner/cypress_runner.js:2400:9)\n    at Async._drainQueues (https://qauto.forstudy.space/__cypress/runner/cypress_runner.js:2416:5)\n    at Async.drainQueues (https://qauto.forstudy.space/__cypress/runner/cypress_runner.js:2286:14)\nFrom Your Spec Code:\n    at Context.eval (webpack://cypress_hillel/./cypress/e2e/Homework_18.1/registration.cy.js:9:11)",
                "diff": null
              },
              "uuid": "c66509ad-4252-456a-85f0-8bb6ed23986d",
              "parentUUID": "4d8495f9-8a79-4edd-a8f0-33040dfc1a39",
              "isHook": false,
              "skipped": false
            },
            {
              "title": "error while checking name",
              "fullTitle": "registration flow error while checking name",
              "timedOut": null,
              "duration": 0,
              "state": "skipped",
              "speed": null,
              "pass": false,
              "fail": false,
              "pending": false,
              "context": null,
              "code": "cy.get(_registrationSelectors.registrationSelectors.name).type('1');\ncy.get(_registrationSelectors.registrationSelectors.lastName).focus();\ncy.get(_registrationSelectors.registrationSelectors.invalidFeedback).contains(_errors.errors.invalidName).should('be.visible');\ncy.get(_registrationSelectors.registrationSelectors.invalidFeedback).contains(_errors.errors.nameLength).should('be.visible');",
              "err": {},
              "uuid": "e41f1224-5065-4d0e-83e3-a613298495ee",
              "parentUUID": "4d8495f9-8a79-4edd-a8f0-33040dfc1a39",
              "isHook": false,
              "skipped": true
            },
            {
              "title": "error while checking last name",
              "fullTitle": "registration flow error while checking last name",
              "timedOut": null,
              "duration": 0,
              "state": "skipped",
              "speed": null,
              "pass": false,
              "fail": false,
              "pending": false,
              "context": null,
              "code": "cy.get(_registrationSelectors.registrationSelectors.lastName).type('1');\ncy.get(_registrationSelectors.registrationSelectors.name).focus();\ncy.get(_registrationSelectors.registrationSelectors.invalidFeedback).contains(_errors.errors.lastNameInvalid).should('be.visible');",
              "err": {},
              "uuid": "7a967fd1-a49a-442e-b31a-70f76938f045",
              "parentUUID": "4d8495f9-8a79-4edd-a8f0-33040dfc1a39",
              "isHook": false,
              "skipped": true
            },
            {
              "title": "error while name is empty",
              "fullTitle": "registration flow error while name is empty",
              "timedOut": null,
              "duration": 0,
              "state": "skipped",
              "speed": null,
              "pass": false,
              "fail": false,
              "pending": false,
              "context": null,
              "code": "cy.get(_registrationSelectors.registrationSelectors.name).focus();\ncy.get(_registrationSelectors.registrationSelectors.lastName).focus();\ncy.get(_registrationSelectors.registrationSelectors.invalidFeedbackP).contains(_errors.errors.nameRequired).should('be.visible');",
              "err": {},
              "uuid": "8b268b46-e13e-42b2-8240-0d0d6fdaa1b5",
              "parentUUID": "4d8495f9-8a79-4edd-a8f0-33040dfc1a39",
              "isHook": false,
              "skipped": true
            },
            {
              "title": "error while last name is empty",
              "fullTitle": "registration flow error while last name is empty",
              "timedOut": null,
              "duration": 0,
              "state": "skipped",
              "speed": null,
              "pass": false,
              "fail": false,
              "pending": false,
              "context": null,
              "code": "cy.get(_registrationSelectors.registrationSelectors.lastName).focus();\ncy.get(_registrationSelectors.registrationSelectors.name).focus();\ncy.get(_registrationSelectors.registrationSelectors.invalidFeedbackP).contains(_errors.errors.lastNameRequired).should('be.visible');\ncy.get(_registrationSelectors.registrationSelectors.submit).should('be.disabled');",
              "err": {},
              "uuid": "9e2508b6-3a08-44cf-a90d-8a26fc8bbbe3",
              "parentUUID": "4d8495f9-8a79-4edd-a8f0-33040dfc1a39",
              "isHook": false,
              "skipped": true
            },
            {
              "title": "error while email is invalid",
              "fullTitle": "registration flow error while email is invalid",
              "timedOut": null,
              "duration": 0,
              "state": "skipped",
              "speed": null,
              "pass": false,
              "fail": false,
              "pending": false,
              "context": null,
              "code": "const nameLength = 10;\nconst nameMock = generateChars.getRandomName(nameLength);\nconst invalidEmail = 'invalidEmail';\nconst passwordMock = generateChars.getRandomPassword(nameLength);\ncy.get(_registrationSelectors.registrationSelectors.name).type(nameMock);\ncy.get(_registrationSelectors.registrationSelectors.lastName).type(nameMock);\ncy.get(_registrationSelectors.registrationSelectors.email).type(invalidEmail);\ncy.get(_registrationSelectors.registrationSelectors.password).type(passwordMock, {\n  sensitive: true,\n  parseSpecialCharSequences: false\n});\ncy.get(_registrationSelectors.registrationSelectors.repeatPassword).type(passwordMock, {\n  sensitive: true,\n  parseSpecialCharSequences: false\n});\ncy.get(_registrationSelectors.registrationSelectors.submit).click({\n  force: true\n});\ncy.get(_registrationSelectors.registrationSelectors.invalidFeedbackP).contains(_errors.errors.emailIsIncorrect).should('be.visible');",
              "err": {},
              "uuid": "332afe3d-2e3f-4fef-82ae-7ac2e2e3d1bf",
              "parentUUID": "4d8495f9-8a79-4edd-a8f0-33040dfc1a39",
              "isHook": false,
              "skipped": true
            },
            {
              "title": "error while email is empty",
              "fullTitle": "registration flow error while email is empty",
              "timedOut": null,
              "duration": 0,
              "state": "skipped",
              "speed": null,
              "pass": false,
              "fail": false,
              "pending": false,
              "context": null,
              "code": "cy.get(_registrationSelectors.registrationSelectors.email).focus();\ncy.get(_registrationSelectors.registrationSelectors.password).focus();\ncy.get(_registrationSelectors.registrationSelectors.invalidFeedbackP).contains(_errors.errors.emailRequired).should('be.visible');\ncy.get(_registrationSelectors.registrationSelectors.submit).click({\n  force: true\n});",
              "err": {},
              "uuid": "7c35a50b-f5fa-4a45-8e6b-6e9fd5ef5bb1",
              "parentUUID": "4d8495f9-8a79-4edd-a8f0-33040dfc1a39",
              "isHook": false,
              "skipped": true
            },
            {
              "title": "error while password is invalid",
              "fullTitle": "registration flow error while password is invalid",
              "timedOut": null,
              "duration": 0,
              "state": "skipped",
              "speed": null,
              "pass": false,
              "fail": false,
              "pending": false,
              "context": null,
              "code": "const nameLength = 10;\nconst nameMock = generateChars.getRandomName(nameLength);\nconst emailMock = generateChars.getRandomEmail(nameLength);\nconst invalidPassword = 'short1';\ncy.get(_registrationSelectors.registrationSelectors.name).type(nameMock);\ncy.get(_registrationSelectors.registrationSelectors.lastName).type(nameMock);\ncy.get(_registrationSelectors.registrationSelectors.email).type(emailMock);\ncy.get(_registrationSelectors.registrationSelectors.password).type(invalidPassword, {\n  sensitive: true,\n  parseSpecialCharSequences: false\n});\ncy.get(_registrationSelectors.registrationSelectors.repeatPassword).type(invalidPassword, {\n  sensitive: true,\n  parseSpecialCharSequences: false\n});\ncy.get(_registrationSelectors.registrationSelectors.submit).click({\n  force: true\n});\ncy.get(_registrationSelectors.registrationSelectors.invalidFeedbackP).contains(_errors.errors.passwordInvalid).should('be.visible');",
              "err": {},
              "uuid": "e3e2103f-506e-4874-ae5f-1ac5cde60345",
              "parentUUID": "4d8495f9-8a79-4edd-a8f0-33040dfc1a39",
              "isHook": false,
              "skipped": true
            },
            {
              "title": "error while password is empty",
              "fullTitle": "registration flow error while password is empty",
              "timedOut": null,
              "duration": 0,
              "state": "skipped",
              "speed": null,
              "pass": false,
              "fail": false,
              "pending": false,
              "context": null,
              "code": "cy.get(_registrationSelectors.registrationSelectors.password).focus();\ncy.get(_registrationSelectors.registrationSelectors.repeatPassword).focus();\ncy.get(_registrationSelectors.registrationSelectors.invalidFeedbackP).contains(_errors.errors.passwordRequired).should('be.visible');\ncy.get(_registrationSelectors.registrationSelectors.submit).click({\n  force: true\n});",
              "err": {},
              "uuid": "7cb8f35d-2e4a-418f-a449-c653b8911e9f",
              "parentUUID": "4d8495f9-8a79-4edd-a8f0-33040dfc1a39",
              "isHook": false,
              "skipped": true
            },
            {
              "title": "error while passwords do not match",
              "fullTitle": "registration flow error while passwords do not match",
              "timedOut": null,
              "duration": 0,
              "state": "skipped",
              "speed": null,
              "pass": false,
              "fail": false,
              "pending": false,
              "context": null,
              "code": "const nameLength = 10;\nconst nameMock = generateChars.getRandomName(nameLength);\nconst emailMock = generateChars.getRandomEmail(nameLength);\nconst passwordMock = generateChars.getRandomPassword(nameLength);\ncy.get(_registrationSelectors.registrationSelectors.name).type(nameMock);\ncy.get(_registrationSelectors.registrationSelectors.lastName).type(nameMock);\ncy.get(_registrationSelectors.registrationSelectors.email).type(emailMock);\ncy.get(_registrationSelectors.registrationSelectors.password).type(passwordMock, {\n  sensitive: true,\n  parseSpecialCharSequences: false\n});\ncy.get(_registrationSelectors.registrationSelectors.repeatPassword).type('DifferentPassword1!', {\n  sensitive: true,\n  parseSpecialCharSequences: false\n});\ncy.get(_registrationSelectors.registrationSelectors.submit).click({\n  force: true\n});\ncy.get(_registrationSelectors.registrationSelectors.invalidFeedbackP).contains(_errors.errors.passwordInvalid).should('be.visible');",
              "err": {},
              "uuid": "04fb3152-84c9-4970-a9db-4d4801263524",
              "parentUUID": "4d8495f9-8a79-4edd-a8f0-33040dfc1a39",
              "isHook": false,
              "skipped": true
            },
            {
              "title": "error while re-enter password is empty",
              "fullTitle": "registration flow error while re-enter password is empty",
              "timedOut": null,
              "duration": 0,
              "state": "skipped",
              "speed": null,
              "pass": false,
              "fail": false,
              "pending": false,
              "context": null,
              "code": "const nameLength = 10;\nconst nameMock = generateChars.getRandomName(nameLength);\nconst emailMock = generateChars.getRandomEmail(nameLength);\nconst passwordMock = generateChars.getRandomPassword(nameLength);\ncy.get(_registrationSelectors.registrationSelectors.name).type(nameMock);\ncy.get(_registrationSelectors.registrationSelectors.lastName).type(nameMock);\ncy.get(_registrationSelectors.registrationSelectors.email).type(emailMock);\ncy.get(_registrationSelectors.registrationSelectors.password).type(passwordMock, {\n  sensitive: true,\n  parseSpecialCharSequences: false\n});\ncy.get(_registrationSelectors.registrationSelectors.repeatPassword).focus().blur();\ncy.get(_registrationSelectors.registrationSelectors.submit).click({\n  force: true\n});\ncy.get(_registrationSelectors.registrationSelectors.invalidFeedbackP).contains(_errors.errors.passwordMatchRequired).should('be.visible');",
              "err": {},
              "uuid": "f2c47343-63b0-4a52-834f-99350c86f13d",
              "parentUUID": "4d8495f9-8a79-4edd-a8f0-33040dfc1a39",
              "isHook": false,
              "skipped": true
            }
          ],
          "suites": [],
          "passes": [],
          "failures": [
            "c66509ad-4252-456a-85f0-8bb6ed23986d"
          ],
          "pending": [],
          "skipped": [
            "e41f1224-5065-4d0e-83e3-a613298495ee",
            "7a967fd1-a49a-442e-b31a-70f76938f045",
            "8b268b46-e13e-42b2-8240-0d0d6fdaa1b5",
            "9e2508b6-3a08-44cf-a90d-8a26fc8bbbe3",
            "332afe3d-2e3f-4fef-82ae-7ac2e2e3d1bf",
            "7c35a50b-f5fa-4a45-8e6b-6e9fd5ef5bb1",
            "e3e2103f-506e-4874-ae5f-1ac5cde60345",
            "7cb8f35d-2e4a-418f-a449-c653b8911e9f",
            "04fb3152-84c9-4970-a9db-4d4801263524",
            "f2c47343-63b0-4a52-834f-99350c86f13d"
          ],
          "duration": 570,
          "root": false,
          "rootEmpty": false,
          "_timeout": 2000
        }
      ],
      "passes": [],
      "failures": [],
      "pending": [],
      "skipped": [],
      "duration": 0,
      "root": true,
      "rootEmpty": true,
      "_timeout": 2000
    }
  ],
  "meta": {
    "mocha": {
      "version": "7.0.1"
    },
    "mochawesome": {
      "options": {
        "quiet": false,
        "reportFilename": "mochawesome",
        "saveHtml": true,
        "saveJson": true,
        "consoleReporter": "spec",
        "useInlineDiffs": false,
        "code": true
      },
      "version": "7.1.3"
    },
    "marge": {
      "options": {
        "reportDir": "cypress/reports",
        "overwrite": false,
        "html": true,
        "json": true
      },
      "version": "6.2.0"
    }
  }
}