{
  "stats": {
    "suites": 1,
    "tests": 1,
    "passes": 0,
    "pending": 0,
    "failures": 1,
    "start": "2024-07-20T08:36:17.394Z",
    "end": "2024-07-20T08:36:29.106Z",
    "duration": 11712,
    "testsRegistered": 1,
    "passPercent": 0,
    "pendingPercent": 0,
    "other": 0,
    "hasOther": false,
    "skipped": 0,
    "hasSkipped": false
  },
  "results": [
    {
      "uuid": "5fa492f0-6201-4125-b0b5-3b7027ce6ad1",
      "title": "",
      "fullFile": "cypress/e2e/Homework_19.1/addCar.cy.js",
      "file": "cypress/e2e/Homework_19.1/addCar.cy.js",
      "beforeHooks": [],
      "afterHooks": [],
      "tests": [],
      "suites": [
        {
          "uuid": "ed3424b2-a40d-4d6f-a83b-25640e967bb2",
          "title": "Add Car",
          "fullFile": "",
          "file": "",
          "beforeHooks": [],
          "afterHooks": [],
          "tests": [
            {
              "title": "should add a car",
              "fullTitle": "Add Car should add a car",
              "timedOut": null,
              "duration": 11649,
              "state": "failed",
              "speed": null,
              "pass": false,
              "fail": true,
              "pending": false,
              "context": null,
              "code": "const carDetails = {\n  brand: 'Porsche',\n  model: 'Panamera',\n  mileage: '777'\n};\ncy.contains('button', 'Add car').click();\ncy.get('#addCarBrand').select(carDetails.brand);\ncy.get('#addCarModel').select(carDetails.model);\ncy.get('#addCarMileage').type(carDetails.mileage);\ncy.contains('button', 'Add').click();",
              "err": {
                "message": "CypressError: Timed out retrying after 4050ms: `cy.click()` failed because this element:\n\n`<button _ngcontent-ero-c79=\"\" class=\"btn btn-primary\">Add car</button>`\n\nis being covered by another element:\n\n`<ngb-modal-window role=\"dialog\" tabindex=\"-1\" aria-modal=\"true\" class=\"d-block modal fade show\">...</ngb-modal-window>`\n\nFix this problem, or use {force: true} to disable error checking.\n\nhttps://on.cypress.io/element-cannot-be-interacted-with",
                "estack": "CypressError: Timed out retrying after 4050ms: `cy.click()` failed because this element:\n\n`<button _ngcontent-ero-c79=\"\" class=\"btn btn-primary\">Add car</button>`\n\nis being covered by another element:\n\n`<ngb-modal-window role=\"dialog\" tabindex=\"-1\" aria-modal=\"true\" class=\"d-block modal fade show\">...</ngb-modal-window>`\n\nFix this problem, or use {force: true} to disable error checking.\n\nhttps://on.cypress.io/element-cannot-be-interacted-with\n    at ensureIsDescendent (https://guest:welcome2qauto@qauto.forstudy.space/__cypress/runner/cypress_runner.js:112445:68)\n    at ensureDescendents (https://guest:welcome2qauto@qauto.forstudy.space/__cypress/runner/cypress_runner.js:112496:5)\n    at ensureDescendentsAndScroll (https://guest:welcome2qauto@qauto.forstudy.space/__cypress/runner/cypress_runner.js:112502:14)\n    at ensureElIsNotCovered (https://guest:welcome2qauto@qauto.forstudy.space/__cypress/runner/cypress_runner.js:112633:5)\n    at runAllChecks (https://guest:welcome2qauto@qauto.forstudy.space/__cypress/runner/cypress_runner.js:112832:52)\n    at retryActionability (https://guest:welcome2qauto@qauto.forstudy.space/__cypress/runner/cypress_runner.js:112869:16)\n    at tryCatcher (https://guest:welcome2qauto@qauto.forstudy.space/__cypress/runner/cypress_runner.js:1807:23)\n    at Promise.attempt.Promise.try (https://guest:welcome2qauto@qauto.forstudy.space/__cypress/runner/cypress_runner.js:4315:29)\n    at whenStable (https://guest:welcome2qauto@qauto.forstudy.space/__cypress/runner/cypress_runner.js:143646:68)\n    at <unknown> (https://guest:welcome2qauto@qauto.forstudy.space/__cypress/runner/cypress_runner.js:143587:14)\n    at tryCatcher (https://guest:welcome2qauto@qauto.forstudy.space/__cypress/runner/cypress_runner.js:1807:23)\n    at Promise._settlePromiseFromHandler (https://guest:welcome2qauto@qauto.forstudy.space/__cypress/runner/cypress_runner.js:1519:31)\n    at Promise._settlePromise (https://guest:welcome2qauto@qauto.forstudy.space/__cypress/runner/cypress_runner.js:1576:18)\n    at Promise._settlePromise0 (https://guest:welcome2qauto@qauto.forstudy.space/__cypress/runner/cypress_runner.js:1621:10)\n    at Promise._settlePromises (https://guest:welcome2qauto@qauto.forstudy.space/__cypress/runner/cypress_runner.js:1701:18)\n    at Promise._fulfill (https://guest:welcome2qauto@qauto.forstudy.space/__cypress/runner/cypress_runner.js:1645:18)\n    at <unknown> (https://guest:welcome2qauto@qauto.forstudy.space/__cypress/runner/cypress_runner.js:5450:46)\nFrom Your Spec Code:\n    at Context.eval (webpack://cypress_hillel/./cypress/e2e/Homework_19.1/addCar.cy.js:23:33)",
                "diff": null
              },
              "uuid": "4ef78962-c510-42d1-817e-037abcf45eaf",
              "parentUUID": "ed3424b2-a40d-4d6f-a83b-25640e967bb2",
              "isHook": false,
              "skipped": false
            }
          ],
          "suites": [],
          "passes": [],
          "failures": [
            "4ef78962-c510-42d1-817e-037abcf45eaf"
          ],
          "pending": [],
          "skipped": [],
          "duration": 11649,
          "root": false,
          "rootEmpty": false,
          "_timeout": 2000
        }
      ],
      "passes": [],
      "failures": [],
      "pending": [],
      "skipped": [],
      "duration": 0,
      "root": true,
      "rootEmpty": true,
      "_timeout": 2000
    }
  ],
  "meta": {
    "mocha": {
      "version": "7.0.1"
    },
    "mochawesome": {
      "options": {
        "quiet": false,
        "reportFilename": "mochawesome",
        "saveHtml": true,
        "saveJson": true,
        "consoleReporter": "spec",
        "useInlineDiffs": false,
        "code": true
      },
      "version": "7.1.3"
    },
    "marge": {
      "options": {
        "reportDir": "cypress/reports",
        "overwrite": false,
        "html": true,
        "json": true
      },
      "version": "6.2.0"
    }
  }
}