{
  "stats": {
    "suites": 1,
    "tests": 1,
    "passes": 0,
    "pending": 0,
    "failures": 1,
    "start": "2024-07-20T11:10:08.183Z",
    "end": "2024-07-20T11:10:17.700Z",
    "duration": 9517,
    "testsRegistered": 1,
    "passPercent": 0,
    "pendingPercent": 0,
    "other": 0,
    "hasOther": false,
    "skipped": 0,
    "hasSkipped": false
  },
  "results": [
    {
      "uuid": "1ff4d163-1cc7-416d-b94d-c102d9cdd2b7",
      "title": "",
      "fullFile": "cypress/e2e/Homework_19.1/addExpense.cy.js",
      "file": "cypress/e2e/Homework_19.1/addExpense.cy.js",
      "beforeHooks": [],
      "afterHooks": [],
      "tests": [],
      "suites": [
        {
          "uuid": "816b3913-55a1-445b-b5e6-6795cc27cf01",
          "title": "Add Fuel Expense",
          "fullFile": "",
          "file": "",
          "beforeHooks": [],
          "afterHooks": [],
          "tests": [
            {
              "title": "should add a fuel expense",
              "fullTitle": "Add Fuel Expense should add a fuel expense",
              "timedOut": null,
              "duration": 4407,
              "state": "failed",
              "speed": null,
              "pass": false,
              "fail": true,
              "pending": false,
              "context": null,
              "code": "const carDetails = {\n  brand: 'Porsche',\n  model: 'Panamera',\n  mileage: '7'\n};\nconst expense = {\n  liters: '40',\n  totalCost: '50'\n};\n_garagePage.garagePage.addCar(carDetails);\n_expensesPage.expensesPage.addFuelExpense(expense);",
              "err": {
                "message": "CypressError: Timed out retrying after 4050ms: `cy.click()` failed because this element:\n\n`<button _ngcontent-rqn-c73=\"\" class=\"car_edit btn btn-edit\">...</button>`\n\nis being covered by another element:\n\n`<ngb-modal-window role=\"dialog\" tabindex=\"-1\" aria-modal=\"true\" class=\"d-block modal fade show\">...</ngb-modal-window>`\n\nFix this problem, or use {force: true} to disable error checking.\n\nhttps://on.cypress.io/element-cannot-be-interacted-with\n\nBecause this error occurred during a `after each` hook we are skipping the remaining tests in the current suite: `Add Fuel Expense`",
                "estack": "CypressError: Timed out retrying after 4050ms: `cy.click()` failed because this element:\n\n`<button _ngcontent-rqn-c73=\"\" class=\"car_edit btn btn-edit\">...</button>`\n\nis being covered by another element:\n\n`<ngb-modal-window role=\"dialog\" tabindex=\"-1\" aria-modal=\"true\" class=\"d-block modal fade show\">...</ngb-modal-window>`\n\nFix this problem, or use {force: true} to disable error checking.\n\nhttps://on.cypress.io/element-cannot-be-interacted-with\n\nBecause this error occurred during a `after each` hook we are skipping the remaining tests in the current suite: `Add Fuel Expense`\n    at ensureIsDescendent (https://guest:welcome2qauto@qauto.forstudy.space/__cypress/runner/cypress_runner.js:112445:68)\n    at ensureDescendents (https://guest:welcome2qauto@qauto.forstudy.space/__cypress/runner/cypress_runner.js:112496:5)\n    at ensureDescendentsAndScroll (https://guest:welcome2qauto@qauto.forstudy.space/__cypress/runner/cypress_runner.js:112502:14)\n    at ensureElIsNotCovered (https://guest:welcome2qauto@qauto.forstudy.space/__cypress/runner/cypress_runner.js:112633:5)\n    at runAllChecks (https://guest:welcome2qauto@qauto.forstudy.space/__cypress/runner/cypress_runner.js:112832:52)\n    at retryActionability (https://guest:welcome2qauto@qauto.forstudy.space/__cypress/runner/cypress_runner.js:112869:16)\n    at tryCatcher (https://guest:welcome2qauto@qauto.forstudy.space/__cypress/runner/cypress_runner.js:1807:23)\n    at Promise.attempt.Promise.try (https://guest:welcome2qauto@qauto.forstudy.space/__cypress/runner/cypress_runner.js:4315:29)\n    at whenStable (https://guest:welcome2qauto@qauto.forstudy.space/__cypress/runner/cypress_runner.js:143646:68)\n    at <unknown> (https://guest:welcome2qauto@qauto.forstudy.space/__cypress/runner/cypress_runner.js:143587:14)\n    at tryCatcher (https://guest:welcome2qauto@qauto.forstudy.space/__cypress/runner/cypress_runner.js:1807:23)\n    at Promise._settlePromiseFromHandler (https://guest:welcome2qauto@qauto.forstudy.space/__cypress/runner/cypress_runner.js:1519:31)\n    at Promise._settlePromise (https://guest:welcome2qauto@qauto.forstudy.space/__cypress/runner/cypress_runner.js:1576:18)\n    at Promise._settlePromise0 (https://guest:welcome2qauto@qauto.forstudy.space/__cypress/runner/cypress_runner.js:1621:10)\n    at Promise._settlePromises (https://guest:welcome2qauto@qauto.forstudy.space/__cypress/runner/cypress_runner.js:1701:18)\n    at Promise._fulfill (https://guest:welcome2qauto@qauto.forstudy.space/__cypress/runner/cypress_runner.js:1645:18)\n    at <unknown> (https://guest:welcome2qauto@qauto.forstudy.space/__cypress/runner/cypress_runner.js:5450:46)\nFrom Your Spec Code:\n    at Context.eval (webpack://cypress_hillel/./cypress/e2e/Homework_19.1/pageObjects/garagePage.js:28:39)",
                "diff": null
              },
              "uuid": "58a94435-f164-4e68-b07c-0a96933f980d",
              "parentUUID": "816b3913-55a1-445b-b5e6-6795cc27cf01",
              "isHook": false,
              "skipped": false
            }
          ],
          "suites": [],
          "passes": [],
          "failures": [
            "58a94435-f164-4e68-b07c-0a96933f980d"
          ],
          "pending": [],
          "skipped": [],
          "duration": 4407,
          "root": false,
          "rootEmpty": false,
          "_timeout": 2000
        }
      ],
      "passes": [],
      "failures": [],
      "pending": [],
      "skipped": [],
      "duration": 0,
      "root": true,
      "rootEmpty": true,
      "_timeout": 2000
    }
  ],
  "meta": {
    "mocha": {
      "version": "7.0.1"
    },
    "mochawesome": {
      "options": {
        "quiet": false,
        "reportFilename": "mochawesome",
        "saveHtml": true,
        "saveJson": true,
        "consoleReporter": "spec",
        "useInlineDiffs": false,
        "code": true
      },
      "version": "7.1.3"
    },
    "marge": {
      "options": {
        "reportDir": "cypress/reports",
        "overwrite": false,
        "html": true,
        "json": true
      },
      "version": "6.2.0"
    }
  }
}