{
  "stats": {
    "suites": 1,
    "tests": 1,
    "passes": 0,
    "pending": 0,
    "failures": 1,
    "start": "2024-07-19T13:21:41.144Z",
    "end": "2024-07-19T13:21:47.831Z",
    "duration": 6687,
    "testsRegistered": 1,
    "passPercent": 0,
    "pendingPercent": 0,
    "other": 0,
    "hasOther": false,
    "skipped": 0,
    "hasSkipped": false
  },
  "results": [
    {
      "uuid": "406cdff3-a40e-4cb9-bcc6-9b766edc14ea",
      "title": "",
      "fullFile": "cypress/e2e/Homework_19.1/addExpense.cy.js",
      "file": "cypress/e2e/Homework_19.1/addExpense.cy.js",
      "beforeHooks": [],
      "afterHooks": [],
      "tests": [],
      "suites": [
        {
          "uuid": "f8ecd09f-fe85-4838-90f0-54d464b953cc",
          "title": "Add Fuel Expense",
          "fullFile": "",
          "file": "",
          "beforeHooks": [],
          "afterHooks": [],
          "tests": [
            {
              "title": "should add a fuel expense",
              "fullTitle": "Add Fuel Expense should add a fuel expense",
              "timedOut": null,
              "duration": 6644,
              "state": "failed",
              "speed": null,
              "pass": false,
              "fail": true,
              "pending": false,
              "context": null,
              "code": "const expense = {\n  date: '2024-07-10',\n  cost: '50',\n  volume: '40'\n};\n_expensesPage.expensesPage.visit();\n_expensesPage.expensesPage.addFuelExpense(expense);\n_expensesPage.expensesPage.verifyExpenseIsAdded(expense);",
              "err": {
                "message": "AssertionError: Timed out retrying after 4000ms: Expected to find element: `button[aria-label=\"Add expense\"]`, but never found it.",
                "estack": "AssertionError: Timed out retrying after 4000ms: Expected to find element: `button[aria-label=\"Add expense\"]`, but never found it.\n    at ExpensesPage.addFuelExpense (webpack://cypress_hillel/./cypress/e2e/Homework_19.1/pageObjects/expensesPage.js:7:9)\n    at Context.eval (webpack://cypress_hillel/./cypress/e2e/Homework_19.1/addExpense.cy.js:19:17)",
                "diff": null
              },
              "uuid": "950e15ac-647a-4bc2-a1ce-858624642592",
              "parentUUID": "f8ecd09f-fe85-4838-90f0-54d464b953cc",
              "isHook": false,
              "skipped": false
            }
          ],
          "suites": [],
          "passes": [],
          "failures": [
            "950e15ac-647a-4bc2-a1ce-858624642592"
          ],
          "pending": [],
          "skipped": [],
          "duration": 6644,
          "root": false,
          "rootEmpty": false,
          "_timeout": 2000
        }
      ],
      "passes": [],
      "failures": [],
      "pending": [],
      "skipped": [],
      "duration": 0,
      "root": true,
      "rootEmpty": true,
      "_timeout": 2000
    }
  ],
  "meta": {
    "mocha": {
      "version": "7.0.1"
    },
    "mochawesome": {
      "options": {
        "quiet": false,
        "reportFilename": "mochawesome",
        "saveHtml": true,
        "saveJson": true,
        "consoleReporter": "spec",
        "useInlineDiffs": false,
        "code": true
      },
      "version": "7.1.3"
    },
    "marge": {
      "options": {
        "reportDir": "cypress/reports",
        "overwrite": false,
        "html": true,
        "json": true
      },
      "version": "6.2.0"
    }
  }
}