{
  "stats": {
    "suites": 0,
    "tests": 1,
    "passes": 0,
    "pending": 0,
    "failures": 1,
    "start": "2024-07-20T11:00:00.637Z",
    "end": "2024-07-20T11:00:01.003Z",
    "duration": 366,
    "testsRegistered": 1,
    "passPercent": 0,
    "pendingPercent": 0,
    "other": 0,
    "hasOther": false,
    "skipped": 0,
    "hasSkipped": false
  },
  "results": [
    {
      "uuid": "e0811208-fcfd-4dd7-8c6e-2cea14bf7153",
      "title": "",
      "fullFile": "cypress/e2e/Homework_19.1/addExpense.cy.js",
      "file": "cypress/e2e/Homework_19.1/addExpense.cy.js",
      "beforeHooks": [],
      "afterHooks": [],
      "tests": [
        {
          "title": "An uncaught error was detected outside of a test",
          "fullTitle": "An uncaught error was detected outside of a test",
          "timedOut": null,
          "duration": 312,
          "state": "failed",
          "speed": null,
          "pass": false,
          "fail": true,
          "pending": false,
          "context": null,
          "code": "throw err;",
          "err": {
            "message": "ReferenceError: The following error originated from your test code, not from Cypress.\n\n  > ç is not defined\n\nWhen Cypress detects uncaught errors originating from your test code it will automatically fail the current test.\n\nCypress could not associate this error to any specific test.\n\nWe dynamically generated a new test to display this failure.",
            "estack": "ReferenceError: The following error originated from your test code, not from Cypress.\n\n  > ç is not defined\n\nWhen Cypress detects uncaught errors originating from your test code it will automatically fail the current test.\n\nCypress could not associate this error to any specific test.\n\nWe dynamically generated a new test to display this failure.\n    at ./cypress/e2e/Homework_19.1/pageObjects/expensesPage.js (webpack://cypress_hillel/./cypress/e2e/Homework_19.1/pageObjects/expensesPage.js:18:48)\n    at __webpack_require__ (webpack://cypress_hillel/webpack/bootstrap:19:0)\n    at eval (webpack://cypress_hillel/./cypress/e2e/Homework_19.1/addExpense.cy.js:1:0)\n    at eval (https://qauto.forstudy.space/__cypress/tests?p=cypress/e2e/Homework_19.1/addExpense.cy.js:197:3)\n    at eval (https://qauto.forstudy.space/__cypress/tests?p=cypress/e2e/Homework_19.1/addExpense.cy.js:199:12)\n    at eval (<anonymous>)",
            "diff": null
          },
          "uuid": "2e2f1274-7fe7-435a-9cd1-15193c7328f5",
          "parentUUID": "e0811208-fcfd-4dd7-8c6e-2cea14bf7153",
          "isHook": false,
          "skipped": false
        }
      ],
      "suites": [],
      "passes": [],
      "failures": [
        "2e2f1274-7fe7-435a-9cd1-15193c7328f5"
      ],
      "pending": [],
      "skipped": [],
      "duration": 312,
      "root": true,
      "rootEmpty": false,
      "_timeout": 2000
    }
  ],
  "meta": {
    "mocha": {
      "version": "7.0.1"
    },
    "mochawesome": {
      "options": {
        "quiet": false,
        "reportFilename": "mochawesome",
        "saveHtml": true,
        "saveJson": true,
        "consoleReporter": "spec",
        "useInlineDiffs": false,
        "code": true
      },
      "version": "7.1.3"
    },
    "marge": {
      "options": {
        "reportDir": "cypress/reports",
        "overwrite": false,
        "html": true,
        "json": true
      },
      "version": "6.2.0"
    }
  }
}